<?xml version="1.0" encoding="UTF-8"?>
<testsuite xmlns:xsi="http://www.w3.org/2001/XMLSchema-instance" xsi:noNamespaceSchemaLocation="https://maven.apache.org/surefire/maven-surefire-plugin/xsd/surefire-test-report.xsd" name="com.gec.SnackApplicationTests" time="4.087" tests="1" errors="0" skipped="0" failures="0">
  <properties>
    <property name="sun.desktop" value="windows"/>
    <property name="awt.toolkit" value="sun.awt.windows.WToolkit"/>
    <property name="java.specification.version" value="11"/>
    <property name="sun.cpu.isalist" value="amd64"/>
    <property name="sun.jnu.encoding" value="GBK"/>
    <property name="java.class.path" value="E:\IDEA\文件保存\专业实习\backend\snack\target\test-classes;E:\IDEA\文件保存\专业实习\backend\snack\target\classes;E:\maven\repo\com\baomidou\mybatis-plus-boot-starter\3.5.2\mybatis-plus-boot-starter-3.5.2.jar;E:\maven\repo\com\baomidou\mybatis-plus\3.5.2\mybatis-plus-3.5.2.jar;E:\maven\repo\com\baomidou\mybatis-plus-extension\3.5.2\mybatis-plus-extension-3.5.2.jar;E:\maven\repo\com\baomidou\mybatis-plus-core\3.5.2\mybatis-plus-core-3.5.2.jar;E:\maven\repo\com\baomidou\mybatis-plus-annotation\3.5.2\mybatis-plus-annotation-3.5.2.jar;E:\maven\repo\com\github\jsqlparser\jsqlparser\4.4\jsqlparser-4.4.jar;E:\maven\repo\org\mybatis\mybatis\3.5.10\mybatis-3.5.10.jar;E:\maven\repo\org\mybatis\mybatis-spring\2.0.7\mybatis-spring-2.0.7.jar;E:\maven\repo\org\jetbrains\kotlin\kotlin-stdlib-jdk8\1.6.21\kotlin-stdlib-jdk8-1.6.21.jar;E:\maven\repo\org\jetbrains\kotlin\kotlin-stdlib\1.6.21\kotlin-stdlib-1.6.21.jar;E:\maven\repo\org\jetbrains\kotlin\kotlin-stdlib-common\1.6.21\kotlin-stdlib-common-1.6.21.jar;E:\maven\repo\org\jetbrains\annotations\13.0\annotations-13.0.jar;E:\maven\repo\org\jetbrains\kotlin\kotlin-stdlib-jdk7\1.6.21\kotlin-stdlib-jdk7-1.6.21.jar;E:\maven\repo\org\springframework\boot\spring-boot-autoconfigure\2.7.5\spring-boot-autoconfigure-2.7.5.jar;E:\maven\repo\org\springframework\boot\spring-boot\2.7.5\spring-boot-2.7.5.jar;E:\maven\repo\org\springframework\boot\spring-boot-starter-jdbc\2.7.5\spring-boot-starter-jdbc-2.7.5.jar;E:\maven\repo\com\zaxxer\HikariCP\4.0.3\HikariCP-4.0.3.jar;E:\maven\repo\org\springframework\spring-jdbc\5.3.23\spring-jdbc-5.3.23.jar;E:\maven\repo\org\springframework\spring-tx\5.3.23\spring-tx-5.3.23.jar;E:\maven\repo\com\baomidou\mybatis-plus-generator\3.5.2\mybatis-plus-generator-3.5.2.jar;E:\maven\repo\org\freemarker\freemarker\2.3.31\freemarker-2.3.31.jar;E:\maven\repo\org\springframework\boot\spring-boot-starter-web\2.7.5\spring-boot-starter-web-2.7.5.jar;E:\maven\repo\org\springframework\boot\spring-boot-starter\2.7.5\spring-boot-starter-2.7.5.jar;E:\maven\repo\org\springframework\boot\spring-boot-starter-logging\2.7.5\spring-boot-starter-logging-2.7.5.jar;E:\maven\repo\ch\qos\logback\logback-classic\1.2.11\logback-classic-1.2.11.jar;E:\maven\repo\ch\qos\logback\logback-core\1.2.11\logback-core-1.2.11.jar;E:\maven\repo\org\apache\logging\log4j\log4j-to-slf4j\2.17.2\log4j-to-slf4j-2.17.2.jar;E:\maven\repo\org\apache\logging\log4j\log4j-api\2.17.2\log4j-api-2.17.2.jar;E:\maven\repo\org\slf4j\jul-to-slf4j\1.7.36\jul-to-slf4j-1.7.36.jar;E:\maven\repo\jakarta\annotation\jakarta.annotation-api\1.3.5\jakarta.annotation-api-1.3.5.jar;E:\maven\repo\org\yaml\snakeyaml\1.30\snakeyaml-1.30.jar;E:\maven\repo\org\springframework\boot\spring-boot-starter-json\2.7.5\spring-boot-starter-json-2.7.5.jar;E:\maven\repo\com\fasterxml\jackson\core\jackson-databind\2.13.4.2\jackson-databind-2.13.4.2.jar;E:\maven\repo\com\fasterxml\jackson\core\jackson-annotations\2.13.4\jackson-annotations-2.13.4.jar;E:\maven\repo\com\fasterxml\jackson\core\jackson-core\2.13.4\jackson-core-2.13.4.jar;E:\maven\repo\com\fasterxml\jackson\datatype\jackson-datatype-jdk8\2.13.4\jackson-datatype-jdk8-2.13.4.jar;E:\maven\repo\com\fasterxml\jackson\datatype\jackson-datatype-jsr310\2.13.4\jackson-datatype-jsr310-2.13.4.jar;E:\maven\repo\com\fasterxml\jackson\module\jackson-module-parameter-names\2.13.4\jackson-module-parameter-names-2.13.4.jar;E:\maven\repo\org\springframework\boot\spring-boot-starter-tomcat\2.7.5\spring-boot-starter-tomcat-2.7.5.jar;E:\maven\repo\org\apache\tomcat\embed\tomcat-embed-core\9.0.68\tomcat-embed-core-9.0.68.jar;E:\maven\repo\org\apache\tomcat\embed\tomcat-embed-el\9.0.68\tomcat-embed-el-9.0.68.jar;E:\maven\repo\org\apache\tomcat\embed\tomcat-embed-websocket\9.0.68\tomcat-embed-websocket-9.0.68.jar;E:\maven\repo\org\springframework\spring-web\5.3.23\spring-web-5.3.23.jar;E:\maven\repo\org\springframework\spring-beans\5.3.23\spring-beans-5.3.23.jar;E:\maven\repo\org\springframework\spring-webmvc\5.3.23\spring-webmvc-5.3.23.jar;E:\maven\repo\org\springframework\spring-aop\5.3.23\spring-aop-5.3.23.jar;E:\maven\repo\org\springframework\spring-context\5.3.23\spring-context-5.3.23.jar;E:\maven\repo\org\springframework\spring-expression\5.3.23\spring-expression-5.3.23.jar;E:\maven\repo\com\mysql\mysql-connector-j\8.0.31\mysql-connector-j-8.0.31.jar;E:\maven\repo\org\springframework\boot\spring-boot-starter-test\2.7.5\spring-boot-starter-test-2.7.5.jar;E:\maven\repo\org\springframework\boot\spring-boot-test\2.7.5\spring-boot-test-2.7.5.jar;E:\maven\repo\org\springframework\boot\spring-boot-test-autoconfigure\2.7.5\spring-boot-test-autoconfigure-2.7.5.jar;E:\maven\repo\com\jayway\jsonpath\json-path\2.7.0\json-path-2.7.0.jar;E:\maven\repo\net\minidev\json-smart\2.4.8\json-smart-2.4.8.jar;E:\maven\repo\net\minidev\accessors-smart\2.4.8\accessors-smart-2.4.8.jar;E:\maven\repo\org\ow2\asm\asm\9.1\asm-9.1.jar;E:\maven\repo\org\slf4j\slf4j-api\1.7.36\slf4j-api-1.7.36.jar;E:\maven\repo\jakarta\xml\bind\jakarta.xml.bind-api\2.3.3\jakarta.xml.bind-api-2.3.3.jar;E:\maven\repo\jakarta\activation\jakarta.activation-api\1.2.2\jakarta.activation-api-1.2.2.jar;E:\maven\repo\org\assertj\assertj-core\3.22.0\assertj-core-3.22.0.jar;E:\maven\repo\org\hamcrest\hamcrest\2.2\hamcrest-2.2.jar;E:\maven\repo\org\junit\jupiter\junit-jupiter\5.8.2\junit-jupiter-5.8.2.jar;E:\maven\repo\org\junit\jupiter\junit-jupiter-api\5.8.2\junit-jupiter-api-5.8.2.jar;E:\maven\repo\org\opentest4j\opentest4j\1.2.0\opentest4j-1.2.0.jar;E:\maven\repo\org\junit\platform\junit-platform-commons\1.8.2\junit-platform-commons-1.8.2.jar;E:\maven\repo\org\apiguardian\apiguardian-api\1.1.2\apiguardian-api-1.1.2.jar;E:\maven\repo\org\junit\jupiter\junit-jupiter-params\5.8.2\junit-jupiter-params-5.8.2.jar;E:\maven\repo\org\junit\jupiter\junit-jupiter-engine\5.8.2\junit-jupiter-engine-5.8.2.jar;E:\maven\repo\org\junit\platform\junit-platform-engine\1.8.2\junit-platform-engine-1.8.2.jar;E:\maven\repo\org\mockito\mockito-core\4.5.1\mockito-core-4.5.1.jar;E:\maven\repo\net\bytebuddy\byte-buddy\1.12.18\byte-buddy-1.12.18.jar;E:\maven\repo\net\bytebuddy\byte-buddy-agent\1.12.18\byte-buddy-agent-1.12.18.jar;E:\maven\repo\org\objenesis\objenesis\3.2\objenesis-3.2.jar;E:\maven\repo\org\mockito\mockito-junit-jupiter\4.5.1\mockito-junit-jupiter-4.5.1.jar;E:\maven\repo\org\skyscreamer\jsonassert\1.5.1\jsonassert-1.5.1.jar;E:\maven\repo\com\vaadin\external\google\android-json\0.0.20131108.vaadin1\android-json-0.0.20131108.vaadin1.jar;E:\maven\repo\org\springframework\spring-core\5.3.23\spring-core-5.3.23.jar;E:\maven\repo\org\springframework\spring-jcl\5.3.23\spring-jcl-5.3.23.jar;E:\maven\repo\org\springframework\spring-test\5.3.23\spring-test-5.3.23.jar;E:\maven\repo\org\xmlunit\xmlunit-core\2.9.0\xmlunit-core-2.9.0.jar;E:\maven\repo\org\projectlombok\lombok\1.18.24\lombok-1.18.24.jar;E:\maven\repo\com\alibaba\druid\1.2.6\druid-1.2.6.jar;E:\maven\repo\cn\hutool\hutool-all\5.8.3\hutool-all-5.8.3.jar;"/>
    <property name="java.vm.vendor" value="Amazon.com Inc."/>
    <property name="sun.arch.data.model" value="64"/>
    <property name="user.variant" value=""/>
    <property name="java.vendor.url" value="https://aws.amazon.com/corretto/"/>
    <property name="user.timezone" value="Asia/Shanghai"/>
    <property name="java.vm.specification.version" value="11"/>
    <property name="os.name" value="Windows 10"/>
    <property name="sun.java.launcher" value="SUN_STANDARD"/>
    <property name="user.country" value="CN"/>
    <property name="sun.boot.library.path" value="C:\Users\丿Eason丶舜\.jdks\corretto-11.0.17\bin"/>
    <property name="sun.java.command" value="E:\temp\surefire14421800322716401597\surefirebooter9946025284981411205.jar E:\temp\surefire14421800322716401597 2022-12-11T12-34-40_557-jvmRun1 surefire15693483881189959870tmp surefire_0725708704085469332tmp"/>
    <property name="jdk.debug" value="release"/>
    <property name="surefire.test.class.path" value="E:\IDEA\文件保存\专业实习\backend\snack\target\test-classes;E:\IDEA\文件保存\专业实习\backend\snack\target\classes;E:\maven\repo\com\baomidou\mybatis-plus-boot-starter\3.5.2\mybatis-plus-boot-starter-3.5.2.jar;E:\maven\repo\com\baomidou\mybatis-plus\3.5.2\mybatis-plus-3.5.2.jar;E:\maven\repo\com\baomidou\mybatis-plus-extension\3.5.2\mybatis-plus-extension-3.5.2.jar;E:\maven\repo\com\baomidou\mybatis-plus-core\3.5.2\mybatis-plus-core-3.5.2.jar;E:\maven\repo\com\baomidou\mybatis-plus-annotation\3.5.2\mybatis-plus-annotation-3.5.2.jar;E:\maven\repo\com\github\jsqlparser\jsqlparser\4.4\jsqlparser-4.4.jar;E:\maven\repo\org\mybatis\mybatis\3.5.10\mybatis-3.5.10.jar;E:\maven\repo\org\mybatis\mybatis-spring\2.0.7\mybatis-spring-2.0.7.jar;E:\maven\repo\org\jetbrains\kotlin\kotlin-stdlib-jdk8\1.6.21\kotlin-stdlib-jdk8-1.6.21.jar;E:\maven\repo\org\jetbrains\kotlin\kotlin-stdlib\1.6.21\kotlin-stdlib-1.6.21.jar;E:\maven\repo\org\jetbrains\kotlin\kotlin-stdlib-common\1.6.21\kotlin-stdlib-common-1.6.21.jar;E:\maven\repo\org\jetbrains\annotations\13.0\annotations-13.0.jar;E:\maven\repo\org\jetbrains\kotlin\kotlin-stdlib-jdk7\1.6.21\kotlin-stdlib-jdk7-1.6.21.jar;E:\maven\repo\org\springframework\boot\spring-boot-autoconfigure\2.7.5\spring-boot-autoconfigure-2.7.5.jar;E:\maven\repo\org\springframework\boot\spring-boot\2.7.5\spring-boot-2.7.5.jar;E:\maven\repo\org\springframework\boot\spring-boot-starter-jdbc\2.7.5\spring-boot-starter-jdbc-2.7.5.jar;E:\maven\repo\com\zaxxer\HikariCP\4.0.3\HikariCP-4.0.3.jar;E:\maven\repo\org\springframework\spring-jdbc\5.3.23\spring-jdbc-5.3.23.jar;E:\maven\repo\org\springframework\spring-tx\5.3.23\spring-tx-5.3.23.jar;E:\maven\repo\com\baomidou\mybatis-plus-generator\3.5.2\mybatis-plus-generator-3.5.2.jar;E:\maven\repo\org\freemarker\freemarker\2.3.31\freemarker-2.3.31.jar;E:\maven\repo\org\springframework\boot\spring-boot-starter-web\2.7.5\spring-boot-starter-web-2.7.5.jar;E:\maven\repo\org\springframework\boot\spring-boot-starter\2.7.5\spring-boot-starter-2.7.5.jar;E:\maven\repo\org\springframework\boot\spring-boot-starter-logging\2.7.5\spring-boot-starter-logging-2.7.5.jar;E:\maven\repo\ch\qos\logback\logback-classic\1.2.11\logback-classic-1.2.11.jar;E:\maven\repo\ch\qos\logback\logback-core\1.2.11\logback-core-1.2.11.jar;E:\maven\repo\org\apache\logging\log4j\log4j-to-slf4j\2.17.2\log4j-to-slf4j-2.17.2.jar;E:\maven\repo\org\apache\logging\log4j\log4j-api\2.17.2\log4j-api-2.17.2.jar;E:\maven\repo\org\slf4j\jul-to-slf4j\1.7.36\jul-to-slf4j-1.7.36.jar;E:\maven\repo\jakarta\annotation\jakarta.annotation-api\1.3.5\jakarta.annotation-api-1.3.5.jar;E:\maven\repo\org\yaml\snakeyaml\1.30\snakeyaml-1.30.jar;E:\maven\repo\org\springframework\boot\spring-boot-starter-json\2.7.5\spring-boot-starter-json-2.7.5.jar;E:\maven\repo\com\fasterxml\jackson\core\jackson-databind\2.13.4.2\jackson-databind-2.13.4.2.jar;E:\maven\repo\com\fasterxml\jackson\core\jackson-annotations\2.13.4\jackson-annotations-2.13.4.jar;E:\maven\repo\com\fasterxml\jackson\core\jackson-core\2.13.4\jackson-core-2.13.4.jar;E:\maven\repo\com\fasterxml\jackson\datatype\jackson-datatype-jdk8\2.13.4\jackson-datatype-jdk8-2.13.4.jar;E:\maven\repo\com\fasterxml\jackson\datatype\jackson-datatype-jsr310\2.13.4\jackson-datatype-jsr310-2.13.4.jar;E:\maven\repo\com\fasterxml\jackson\module\jackson-module-parameter-names\2.13.4\jackson-module-parameter-names-2.13.4.jar;E:\maven\repo\org\springframework\boot\spring-boot-starter-tomcat\2.7.5\spring-boot-starter-tomcat-2.7.5.jar;E:\maven\repo\org\apache\tomcat\embed\tomcat-embed-core\9.0.68\tomcat-embed-core-9.0.68.jar;E:\maven\repo\org\apache\tomcat\embed\tomcat-embed-el\9.0.68\tomcat-embed-el-9.0.68.jar;E:\maven\repo\org\apache\tomcat\embed\tomcat-embed-websocket\9.0.68\tomcat-embed-websocket-9.0.68.jar;E:\maven\repo\org\springframework\spring-web\5.3.23\spring-web-5.3.23.jar;E:\maven\repo\org\springframework\spring-beans\5.3.23\spring-beans-5.3.23.jar;E:\maven\repo\org\springframework\spring-webmvc\5.3.23\spring-webmvc-5.3.23.jar;E:\maven\repo\org\springframework\spring-aop\5.3.23\spring-aop-5.3.23.jar;E:\maven\repo\org\springframework\spring-context\5.3.23\spring-context-5.3.23.jar;E:\maven\repo\org\springframework\spring-expression\5.3.23\spring-expression-5.3.23.jar;E:\maven\repo\com\mysql\mysql-connector-j\8.0.31\mysql-connector-j-8.0.31.jar;E:\maven\repo\org\springframework\boot\spring-boot-starter-test\2.7.5\spring-boot-starter-test-2.7.5.jar;E:\maven\repo\org\springframework\boot\spring-boot-test\2.7.5\spring-boot-test-2.7.5.jar;E:\maven\repo\org\springframework\boot\spring-boot-test-autoconfigure\2.7.5\spring-boot-test-autoconfigure-2.7.5.jar;E:\maven\repo\com\jayway\jsonpath\json-path\2.7.0\json-path-2.7.0.jar;E:\maven\repo\net\minidev\json-smart\2.4.8\json-smart-2.4.8.jar;E:\maven\repo\net\minidev\accessors-smart\2.4.8\accessors-smart-2.4.8.jar;E:\maven\repo\org\ow2\asm\asm\9.1\asm-9.1.jar;E:\maven\repo\org\slf4j\slf4j-api\1.7.36\slf4j-api-1.7.36.jar;E:\maven\repo\jakarta\xml\bind\jakarta.xml.bind-api\2.3.3\jakarta.xml.bind-api-2.3.3.jar;E:\maven\repo\jakarta\activation\jakarta.activation-api\1.2.2\jakarta.activation-api-1.2.2.jar;E:\maven\repo\org\assertj\assertj-core\3.22.0\assertj-core-3.22.0.jar;E:\maven\repo\org\hamcrest\hamcrest\2.2\hamcrest-2.2.jar;E:\maven\repo\org\junit\jupiter\junit-jupiter\5.8.2\junit-jupiter-5.8.2.jar;E:\maven\repo\org\junit\jupiter\junit-jupiter-api\5.8.2\junit-jupiter-api-5.8.2.jar;E:\maven\repo\org\opentest4j\opentest4j\1.2.0\opentest4j-1.2.0.jar;E:\maven\repo\org\junit\platform\junit-platform-commons\1.8.2\junit-platform-commons-1.8.2.jar;E:\maven\repo\org\apiguardian\apiguardian-api\1.1.2\apiguardian-api-1.1.2.jar;E:\maven\repo\org\junit\jupiter\junit-jupiter-params\5.8.2\junit-jupiter-params-5.8.2.jar;E:\maven\repo\org\junit\jupiter\junit-jupiter-engine\5.8.2\junit-jupiter-engine-5.8.2.jar;E:\maven\repo\org\junit\platform\junit-platform-engine\1.8.2\junit-platform-engine-1.8.2.jar;E:\maven\repo\org\mockito\mockito-core\4.5.1\mockito-core-4.5.1.jar;E:\maven\repo\net\bytebuddy\byte-buddy\1.12.18\byte-buddy-1.12.18.jar;E:\maven\repo\net\bytebuddy\byte-buddy-agent\1.12.18\byte-buddy-agent-1.12.18.jar;E:\maven\repo\org\objenesis\objenesis\3.2\objenesis-3.2.jar;E:\maven\repo\org\mockito\mockito-junit-jupiter\4.5.1\mockito-junit-jupiter-4.5.1.jar;E:\maven\repo\org\skyscreamer\jsonassert\1.5.1\jsonassert-1.5.1.jar;E:\maven\repo\com\vaadin\external\google\android-json\0.0.20131108.vaadin1\android-json-0.0.20131108.vaadin1.jar;E:\maven\repo\org\springframework\spring-core\5.3.23\spring-core-5.3.23.jar;E:\maven\repo\org\springframework\spring-jcl\5.3.23\spring-jcl-5.3.23.jar;E:\maven\repo\org\springframework\spring-test\5.3.23\spring-test-5.3.23.jar;E:\maven\repo\org\xmlunit\xmlunit-core\2.9.0\xmlunit-core-2.9.0.jar;E:\maven\repo\org\projectlombok\lombok\1.18.24\lombok-1.18.24.jar;E:\maven\repo\com\alibaba\druid\1.2.6\druid-1.2.6.jar;E:\maven\repo\cn\hutool\hutool-all\5.8.3\hutool-all-5.8.3.jar;"/>
    <property name="sun.cpu.endian" value="little"/>
    <property name="user.home" value="C:\Users\丿Eason丶舜"/>
    <property name="user.language" value="zh"/>
    <property name="java.specification.vendor" value="Oracle Corporation"/>
    <property name="java.version.date" value="2022-10-18"/>
    <property name="java.home" value="C:\Users\丿Eason丶舜\.jdks\corretto-11.0.17"/>
    <property name="file.separator" value="\"/>
    <property name="basedir" value="E:\IDEA\文件保存\专业实习\backend\snack"/>
    <property name="java.vm.compressedOopsMode" value="Zero based"/>
    <property name="line.separator" value="&#10;"/>
    <property name="java.specification.name" value="Java Platform API Specification"/>
    <property name="java.vm.specification.vendor" value="Oracle Corporation"/>
    <property name="java.awt.graphicsenv" value="sun.awt.Win32GraphicsEnvironment"/>
    <property name="surefire.real.class.path" value="E:\temp\surefire14421800322716401597\surefirebooter9946025284981411205.jar"/>
    <property name="user.script" value=""/>
    <property name="sun.management.compiler" value="HotSpot 64-Bit Tiered Compilers"/>
    <property name="java.runtime.version" value="11.0.17+8-LTS"/>
    <property name="user.name" value="Eason"/>
    <property name="path.separator" value=";"/>
    <property name="os.version" value="10.0"/>
    <property name="java.runtime.name" value="OpenJDK Runtime Environment"/>
    <property name="file.encoding" value="GBK"/>
    <property name="java.vm.name" value="OpenJDK 64-Bit Server VM"/>
    <property name="java.vendor.version" value="Corretto-11.0.17.8.1"/>
    <property name="localRepository" value="E:\maven\repo"/>
    <property name="java.vendor.url.bug" value="https://github.com/corretto/corretto-11/issues/"/>
    <property name="java.io.tmpdir" value="E:\temp\"/>
    <property name="idea.version" value="2021.3.1"/>
    <property name="java.version" value="11.0.17"/>
    <property name="user.dir" value="E:\IDEA\文件保存\专业实习\backend\snack"/>
    <property name="os.arch" value="amd64"/>
    <property name="java.vm.specification.name" value="Java Virtual Machine Specification"/>
    <property name="java.awt.printerjob" value="sun.awt.windows.WPrinterJob"/>
    <property name="sun.os.patch.level" value=""/>
    <property name="java.library.path" value="C:\Users\丿Eason丶舜\.jdks\corretto-11.0.17\bin;C:\WINDOWS\Sun\Java\bin;C:\WINDOWS\system32;C:\WINDOWS;E:\oracle\app\product\11.2.0\dbhome_1\bin;E:\vmware\bin\;E:\Program Files\Java\jdk1.8.0_91\bin;E:\Program Files\Java\jdk1.8.0_91\jre\bin;C:\ProgramData\Oracle\Java\javapath;C:\Windows\system32;C:\Windows;C:\Windows\System32\Wbem;C:\Windows\System32\WindowsPowerShell\v1.0\;C:\Windows\System32\OpenSSH\;C:\Program Files (x86)\NVIDIA Corporation\PhysX\Common;C:\Program Files\NVIDIA Corporation\NVIDIA NvDLISR;C:\WINDOWS\system32;C:\WINDOWS;C:\WINDOWS\System32\Wbem;C:\WINDOWS\System32\WindowsPowerShell\v1.0\;C:\WINDOWS\System32\OpenSSH\;C:\Program Files (x86)\Intel\Intel(R) Management Engine Components\DAL;C:\Program Files\Intel\Intel(R) Management Engine Components\DAL;C:\Program Files\Intel\WiFi\bin\;C:\Program Files\Common Files\Intel\WirelessCommon\;C:\Program Files\Microsoft SQL Server\110\DTS\Binn\;C:\Program Files (x86)\Microsoft SQL Server\110\Tools\Binn\;C:\Program Files\Microsoft SQL Server\110\Tools\Binn\;C:\Program Files (x86)\Microsoft SQL Server\110\Tools\Binn\ManagementStudio\;C:\Program Files (x86)\Microsoft Visual Studio 10.0\Common7\IDE\PrivateAssemblies\;C:\Program Files (x86)\Microsoft SQL Server\110\DTS\Binn\;E:\Program Files\Java\jdk1.8.0_91\bin;E:\Program Files\Java\jdk1.8.0_91\jre\bin;%JRE_HOME%;E:\apache-tomcat-9.0.44\bin;C:\Program Files\dotnet\;E:\web框架文件\node\;E:\maven\apache-maven-3.6.1\bin;E:\Mysql\mysql\bin;E:\Anaconda;E:\Anaconda\Library\mingw-w64\bin;E:\Anaconda\Library\usr\bin;E:\Anaconda\Library\bin;E:\Anaconda\Scripts;C:\Users\丿Eason丶舜\AppData\Local\Microsoft\WindowsApps;C:\Program Files\Intel\WiFi\bin\;C:\Program Files\Common Files\Intel\WirelessCommon\;E:\pycharm\PyCharm Community Edition 2021.2.3\bin;;E:\web框架文件\node\node_global;E:\web框架文件\node\node_modules;;."/>
    <property name="java.vm.info" value="mixed mode"/>
    <property name="java.vendor" value="Amazon.com Inc."/>
    <property name="java.vm.version" value="11.0.17+8-LTS"/>
    <property name="sun.io.unicode.encoding" value="UnicodeLittle"/>
    <property name="maven.repo.local" value="E:\maven\repo"/>
    <property name="java.class.version" value="55.0"/>
  </properties>
  <testcase name="contextLoads" classname="com.gec.SnackApplicationTests" time="0.451"/>
</testsuite>